e:\code\mocnc\v1.0\mocnc\common\x64\release\common.pch
e:\code\mocnc\v1.0\mocnc\x64\release\common.pdb
e:\code\mocnc\v1.0\mocnc\common\x64\release\common.pchast
e:\code\mocnc\v1.0\mocnc\common\x64\release\pch.nativecodeanalysis.sarif
e:\code\mocnc\v1.0\mocnc\common\x64\release\pch.nativecodeanalysis.xml
e:\code\mocnc\v1.0\mocnc\common\x64\release\pch.obj
e:\code\mocnc\v1.0\mocnc\common\x64\release\log.nativecodeanalysis.sarif
e:\code\mocnc\v1.0\mocnc\common\x64\release\log.nativecodeanalysis.xml
e:\code\mocnc\v1.0\mocnc\common\x64\release\cross_platform_socket.nativecodeanalysis.sarif
e:\code\mocnc\v1.0\mocnc\common\x64\release\cross_platform_socket.nativecodeanalysis.xml
e:\code\mocnc\v1.0\mocnc\common\x64\release\cross_platform_socket.obj
e:\code\mocnc\v1.0\mocnc\common\x64\release\log.obj
e:\code\mocnc\v1.0\mocnc\x64\release\common.lib
e:\code\mocnc\v1.0\mocnc\common\x64\release\vc.nativecodeanalysis.all.xml
e:\code\mocnc\v1.0\mocnc\common\x64\release\common.tlog\cl.command.1.tlog
e:\code\mocnc\v1.0\mocnc\common\x64\release\common.tlog\cl.read.1.tlog
e:\code\mocnc\v1.0\mocnc\common\x64\release\common.tlog\cl.write.1.tlog
e:\code\mocnc\v1.0\mocnc\common\x64\release\common.tlog\lib-link.read.1.tlog
e:\code\mocnc\v1.0\mocnc\common\x64\release\common.tlog\lib-link.write.1.tlog
e:\code\mocnc\v1.0\mocnc\common\x64\release\common.tlog\lib.command.1.tlog
